<?xml version="1.0" encoding="UTF-8"?>
<!-- Generated by org.testng.reporters.JUnitReportReporter -->
<testsuite skipped="0" hostname="LAPTOP-OU21P9SR" name="com.docubuilder.test.Testclass" tests="1" failures="0" timestamp="16 May 2020 08:59:54 GMT" time="0.008" errors="0">
  <testcase name="test" time="0.008" classname="com.docubuilder.test.Testclass"/>
</testsuite> <!-- com.docubuilder.test.Testclass -->
